2024-08-14 18:00:54.046 -06:00  INF  Now listening on: https://localhost:7082
2024-08-14 18:00:54.450 -06:00  INF  Now listening on: http://localhost:5184
2024-08-14 18:00:54.460 -06:00  INF  Application started. Press Ctrl+C to shut down.
2024-08-14 18:00:54.462 -06:00  INF  Hosting environment: Development
2024-08-14 18:00:54.462 -06:00  INF  Content root path: C:\Users\alvarado\Documents\GitHub\WeatherServiceAPI\WeatherServiceAPI\
2024-08-14 18:02:14.308 -06:00  INF  Request starting HTTP/2 GET https://localhost:7082/swagger/index.html - -
2024-08-14 18:02:31.242 -06:00  INF  Request finished HTTP/2 GET https://localhost:7082/swagger/index.html - - - 200 - text/html;charset=utf-8 17040.5600ms
2024-08-14 18:02:31.718 -06:00  INF  Request starting HTTP/2 GET https://localhost:7082/_framework/aspnetcore-browser-refresh.js - -
2024-08-14 18:02:31.883 -06:00  INF  Request finished HTTP/2 GET https://localhost:7082/_framework/aspnetcore-browser-refresh.js - - - 200 12366 application/javascript;+charset=utf-8 164.9218ms
2024-08-14 18:02:32.087 -06:00  INF  Request starting HTTP/2 GET https://localhost:7082/_vs/browserLink - -
2024-08-14 18:02:34.793 -06:00  INF  Request finished HTTP/2 GET https://localhost:7082/_vs/browserLink - - - 200 - text/javascript;+charset=UTF-8 2705.5165ms
2024-08-14 18:02:34.999 -06:00  INF  Request starting HTTP/2 GET https://localhost:7082/swagger/v1/swagger.json - -
2024-08-14 18:02:36.037 -06:00  INF  Request finished HTTP/2 GET https://localhost:7082/swagger/v1/swagger.json - - - 200 - application/json;charset=utf-8 1037.7164ms
2024-08-14 18:04:09.655 -06:00  INF  Request starting HTTP/2 GET https://localhost:7082/api/weatherforecast/bycity?city=el%20paso - -
2024-08-14 18:04:10.008 -06:00  INF  Executing endpoint 'WeatherServiceAPI.Controllers.WeatherForecastController.GetByCity (WeatherServiceAPI)'
2024-08-14 18:04:12.788 -06:00  INF  Route matched with {action = "GetByCity", controller = "WeatherForecast"}. Executing controller action with signature System.Threading.Tasks.Task`1[Microsoft.AspNetCore.Mvc.IActionResult] GetByCity(System.String) on controller WeatherServiceAPI.Controllers.WeatherForecastController (WeatherServiceAPI).
2024-08-14 18:04:26.339 -06:00  INF  Executed action WeatherServiceAPI.Controllers.WeatherForecastController.GetByCity (WeatherServiceAPI) in 13529.3138ms
2024-08-14 18:04:26.402 -06:00  INF  Executed endpoint 'WeatherServiceAPI.Controllers.WeatherForecastController.GetByCity (WeatherServiceAPI)'
2024-08-14 18:04:26.438 -06:00  ERR  An unhandled exception has occurred while executing the request.System.InvalidOperationException: Unable to resolve service for type 'Microsoft.Extensions.Logging.ILogger' while attempting to activate 'WeatherServiceAPI.Controllers.WeatherForecastController'.
   at Microsoft.Extensions.DependencyInjection.ActivatorUtilities.ThrowHelperUnableToResolveService(Type type, Type requiredBy)
   at lambda_method9(Closure , IServiceProvider , Object[] )
   at Microsoft.AspNetCore.Mvc.Controllers.ControllerActivatorProvider.<>c__DisplayClass7_0.<CreateActivator>b__0(ControllerContext controllerContext)
   at Microsoft.AspNetCore.Mvc.Controllers.ControllerFactoryProvider.<>c__DisplayClass6_0.<CreateControllerFactory>g__CreateController|0(ControllerContext controllerContext)
   at Microsoft.AspNetCore.Mvc.Infrastructure.ControllerActionInvoker.Next(State& next, Scope& scope, Object& state, Boolean& isCompleted)
   at Microsoft.AspNetCore.Mvc.Infrastructure.ControllerActionInvoker.InvokeInnerFilterAsync()
--- End of stack trace from previous location ---
   at Microsoft.AspNetCore.Mvc.Infrastructure.ResourceInvoker.<InvokeFilterPipelineAsync>g__Awaited|20_0(ResourceInvoker invoker, Task lastTask, State next, Scope scope, Object state, Boolean isCompleted)
   at Microsoft.AspNetCore.Mvc.Infrastructure.ResourceInvoker.<InvokeAsync>g__Logged|17_1(ResourceInvoker invoker)
   at Microsoft.AspNetCore.Mvc.Infrastructure.ResourceInvoker.<InvokeAsync>g__Logged|17_1(ResourceInvoker invoker)
   at Microsoft.AspNetCore.Routing.EndpointMiddleware.<Invoke>g__AwaitRequestTask|6_0(Endpoint endpoint, Task requestTask, ILogger logger)
   at Microsoft.AspNetCore.Authorization.AuthorizationMiddleware.Invoke(HttpContext context)
   at Swashbuckle.AspNetCore.SwaggerUI.SwaggerUIMiddleware.Invoke(HttpContext httpContext)
   at Swashbuckle.AspNetCore.Swagger.SwaggerMiddleware.Invoke(HttpContext httpContext, ISwaggerProvider swaggerProvider)
   at Microsoft.AspNetCore.Diagnostics.ExceptionHandlerMiddleware.<Invoke>g__Awaited|6_0(ExceptionHandlerMiddleware middleware, HttpContext context, Task task)

2024-08-14 18:04:28.479 -06:00  ERR  Something went wrongSystem.InvalidOperationException: Unable to resolve service for type 'Microsoft.Extensions.Logging.ILogger' while attempting to activate 'WeatherServiceAPI.Controllers.WeatherForecastController'.
   at Microsoft.Extensions.DependencyInjection.ActivatorUtilities.ThrowHelperUnableToResolveService(Type type, Type requiredBy)
   at lambda_method9(Closure , IServiceProvider , Object[] )
   at Microsoft.AspNetCore.Mvc.Controllers.ControllerActivatorProvider.<>c__DisplayClass7_0.<CreateActivator>b__0(ControllerContext controllerContext)
   at Microsoft.AspNetCore.Mvc.Controllers.ControllerFactoryProvider.<>c__DisplayClass6_0.<CreateControllerFactory>g__CreateController|0(ControllerContext controllerContext)
   at Microsoft.AspNetCore.Mvc.Infrastructure.ControllerActionInvoker.Next(State& next, Scope& scope, Object& state, Boolean& isCompleted)
   at Microsoft.AspNetCore.Mvc.Infrastructure.ControllerActionInvoker.InvokeInnerFilterAsync()
--- End of stack trace from previous location ---
   at Microsoft.AspNetCore.Mvc.Infrastructure.ResourceInvoker.<InvokeFilterPipelineAsync>g__Awaited|20_0(ResourceInvoker invoker, Task lastTask, State next, Scope scope, Object state, Boolean isCompleted)
   at Microsoft.AspNetCore.Mvc.Infrastructure.ResourceInvoker.<InvokeAsync>g__Logged|17_1(ResourceInvoker invoker)
   at Microsoft.AspNetCore.Mvc.Infrastructure.ResourceInvoker.<InvokeAsync>g__Logged|17_1(ResourceInvoker invoker)
   at Microsoft.AspNetCore.Routing.EndpointMiddleware.<Invoke>g__AwaitRequestTask|6_0(Endpoint endpoint, Task requestTask, ILogger logger)
   at Microsoft.AspNetCore.Authorization.AuthorizationMiddleware.Invoke(HttpContext context)
   at Swashbuckle.AspNetCore.SwaggerUI.SwaggerUIMiddleware.Invoke(HttpContext httpContext)
   at Swashbuckle.AspNetCore.Swagger.SwaggerMiddleware.Invoke(HttpContext httpContext, ISwaggerProvider swaggerProvider)
   at Microsoft.AspNetCore.Diagnostics.ExceptionHandlerMiddleware.<Invoke>g__Awaited|6_0(ExceptionHandlerMiddleware middleware, HttpContext context, Task task)

2024-08-14 18:04:28.514 -06:00  INF  Request finished HTTP/2 GET https://localhost:7082/api/weatherforecast/bycity?city=el%20paso - - - 500 - application/json 18859.3807ms
2024-08-14 18:05:16.668 -06:00  INF  Request starting HTTP/2 GET https://localhost:7082/api/weatherforecast/bycity?city=el%20paso - -
2024-08-14 18:05:16.672 -06:00  INF  Executing endpoint 'WeatherServiceAPI.Controllers.WeatherForecastController.GetByCity (WeatherServiceAPI)'
2024-08-14 18:05:16.672 -06:00  INF  Route matched with {action = "GetByCity", controller = "WeatherForecast"}. Executing controller action with signature System.Threading.Tasks.Task`1[Microsoft.AspNetCore.Mvc.IActionResult] GetByCity(System.String) on controller WeatherServiceAPI.Controllers.WeatherForecastController (WeatherServiceAPI).
2024-08-14 18:05:16.674 -06:00  INF  Executed action WeatherServiceAPI.Controllers.WeatherForecastController.GetByCity (WeatherServiceAPI) in 1.3021ms
2024-08-14 18:05:16.675 -06:00  INF  Executed endpoint 'WeatherServiceAPI.Controllers.WeatherForecastController.GetByCity (WeatherServiceAPI)'
2024-08-14 18:05:16.676 -06:00  ERR  An unhandled exception has occurred while executing the request.System.InvalidOperationException: Unable to resolve service for type 'Microsoft.Extensions.Logging.ILogger' while attempting to activate 'WeatherServiceAPI.Controllers.WeatherForecastController'.
   at Microsoft.Extensions.DependencyInjection.ActivatorUtilities.ThrowHelperUnableToResolveService(Type type, Type requiredBy)
   at lambda_method9(Closure , IServiceProvider , Object[] )
   at Microsoft.AspNetCore.Mvc.Controllers.ControllerActivatorProvider.<>c__DisplayClass7_0.<CreateActivator>b__0(ControllerContext controllerContext)
   at Microsoft.AspNetCore.Mvc.Controllers.ControllerFactoryProvider.<>c__DisplayClass6_0.<CreateControllerFactory>g__CreateController|0(ControllerContext controllerContext)
   at Microsoft.AspNetCore.Mvc.Infrastructure.ControllerActionInvoker.Next(State& next, Scope& scope, Object& state, Boolean& isCompleted)
   at Microsoft.AspNetCore.Mvc.Infrastructure.ControllerActionInvoker.InvokeInnerFilterAsync()
--- End of stack trace from previous location ---
   at Microsoft.AspNetCore.Mvc.Infrastructure.ResourceInvoker.<InvokeFilterPipelineAsync>g__Awaited|20_0(ResourceInvoker invoker, Task lastTask, State next, Scope scope, Object state, Boolean isCompleted)
   at Microsoft.AspNetCore.Mvc.Infrastructure.ResourceInvoker.<InvokeAsync>g__Logged|17_1(ResourceInvoker invoker)
   at Microsoft.AspNetCore.Mvc.Infrastructure.ResourceInvoker.<InvokeAsync>g__Logged|17_1(ResourceInvoker invoker)
   at Microsoft.AspNetCore.Routing.EndpointMiddleware.<Invoke>g__AwaitRequestTask|6_0(Endpoint endpoint, Task requestTask, ILogger logger)
   at Microsoft.AspNetCore.Authorization.AuthorizationMiddleware.Invoke(HttpContext context)
   at Swashbuckle.AspNetCore.SwaggerUI.SwaggerUIMiddleware.Invoke(HttpContext httpContext)
   at Swashbuckle.AspNetCore.Swagger.SwaggerMiddleware.Invoke(HttpContext httpContext, ISwaggerProvider swaggerProvider)
   at Microsoft.AspNetCore.Diagnostics.ExceptionHandlerMiddleware.<Invoke>g__Awaited|6_0(ExceptionHandlerMiddleware middleware, HttpContext context, Task task)

2024-08-14 18:05:16.678 -06:00  ERR  Something went wrongSystem.InvalidOperationException: Unable to resolve service for type 'Microsoft.Extensions.Logging.ILogger' while attempting to activate 'WeatherServiceAPI.Controllers.WeatherForecastController'.
   at Microsoft.Extensions.DependencyInjection.ActivatorUtilities.ThrowHelperUnableToResolveService(Type type, Type requiredBy)
   at lambda_method9(Closure , IServiceProvider , Object[] )
   at Microsoft.AspNetCore.Mvc.Controllers.ControllerActivatorProvider.<>c__DisplayClass7_0.<CreateActivator>b__0(ControllerContext controllerContext)
   at Microsoft.AspNetCore.Mvc.Controllers.ControllerFactoryProvider.<>c__DisplayClass6_0.<CreateControllerFactory>g__CreateController|0(ControllerContext controllerContext)
   at Microsoft.AspNetCore.Mvc.Infrastructure.ControllerActionInvoker.Next(State& next, Scope& scope, Object& state, Boolean& isCompleted)
   at Microsoft.AspNetCore.Mvc.Infrastructure.ControllerActionInvoker.InvokeInnerFilterAsync()
--- End of stack trace from previous location ---
   at Microsoft.AspNetCore.Mvc.Infrastructure.ResourceInvoker.<InvokeFilterPipelineAsync>g__Awaited|20_0(ResourceInvoker invoker, Task lastTask, State next, Scope scope, Object state, Boolean isCompleted)
   at Microsoft.AspNetCore.Mvc.Infrastructure.ResourceInvoker.<InvokeAsync>g__Logged|17_1(ResourceInvoker invoker)
   at Microsoft.AspNetCore.Mvc.Infrastructure.ResourceInvoker.<InvokeAsync>g__Logged|17_1(ResourceInvoker invoker)
   at Microsoft.AspNetCore.Routing.EndpointMiddleware.<Invoke>g__AwaitRequestTask|6_0(Endpoint endpoint, Task requestTask, ILogger logger)
   at Microsoft.AspNetCore.Authorization.AuthorizationMiddleware.Invoke(HttpContext context)
   at Swashbuckle.AspNetCore.SwaggerUI.SwaggerUIMiddleware.Invoke(HttpContext httpContext)
   at Swashbuckle.AspNetCore.Swagger.SwaggerMiddleware.Invoke(HttpContext httpContext, ISwaggerProvider swaggerProvider)
   at Microsoft.AspNetCore.Diagnostics.ExceptionHandlerMiddleware.<Invoke>g__Awaited|6_0(ExceptionHandlerMiddleware middleware, HttpContext context, Task task)

2024-08-14 18:05:16.679 -06:00  INF  Request finished HTTP/2 GET https://localhost:7082/api/weatherforecast/bycity?city=el%20paso - - - 500 - application/json 12.8929ms
2024-08-14 18:07:23.797 -06:00  INF  Now listening on: https://localhost:7082
2024-08-14 18:07:23.887 -06:00  INF  Now listening on: http://localhost:5184
2024-08-14 18:07:23.900 -06:00  INF  Application started. Press Ctrl+C to shut down.
2024-08-14 18:07:23.902 -06:00  INF  Hosting environment: Development
2024-08-14 18:07:23.902 -06:00  INF  Content root path: C:\Users\alvarado\Documents\GitHub\WeatherServiceAPI\WeatherServiceAPI\
2024-08-14 18:07:25.016 -06:00  INF  Request starting HTTP/2 GET https://localhost:7082/swagger/index.html - -
2024-08-14 18:07:26.669 -06:00  INF  Request finished HTTP/2 GET https://localhost:7082/swagger/index.html - - - 200 - text/html;charset=utf-8 1668.2821ms
2024-08-14 18:07:26.689 -06:00  INF  Request starting HTTP/2 GET https://localhost:7082/_framework/aspnetcore-browser-refresh.js - -
2024-08-14 18:07:26.698 -06:00  INF  Request starting HTTP/2 GET https://localhost:7082/_vs/browserLink - -
2024-08-14 18:07:26.701 -06:00  INF  Request finished HTTP/2 GET https://localhost:7082/_framework/aspnetcore-browser-refresh.js - - - 200 12366 application/javascript;+charset=utf-8 11.7585ms
2024-08-14 18:07:26.948 -06:00  INF  Request finished HTTP/2 GET https://localhost:7082/_vs/browserLink - - - 200 - text/javascript;+charset=UTF-8 249.8709ms
2024-08-14 18:07:27.347 -06:00  INF  Request starting HTTP/2 GET https://localhost:7082/swagger/v1/swagger.json - -
2024-08-14 18:07:27.712 -06:00  INF  Request finished HTTP/2 GET https://localhost:7082/swagger/v1/swagger.json - - - 200 - application/json;charset=utf-8 365.1479ms
2024-08-14 18:07:39.822 -06:00  INF  Request starting HTTP/2 GET https://localhost:7082/api/weatherforecast/bycity?city=El%20Paso - -
2024-08-14 18:07:39.845 -06:00  INF  Executing endpoint 'WeatherServiceAPI.Controllers.WeatherForecastController.GetByCity (WeatherServiceAPI)'
2024-08-14 18:07:39.933 -06:00  INF  Route matched with {action = "GetByCity", controller = "WeatherForecast"}. Executing controller action with signature System.Threading.Tasks.Task`1[Microsoft.AspNetCore.Mvc.IActionResult] GetByCity(System.String) on controller WeatherServiceAPI.Controllers.WeatherForecastController (WeatherServiceAPI).
2024-08-14 18:07:40.985 -06:00  INF  Executed action WeatherServiceAPI.Controllers.WeatherForecastController.GetByCity (WeatherServiceAPI) in 1037.456ms
2024-08-14 18:07:41.012 -06:00  INF  Executed endpoint 'WeatherServiceAPI.Controllers.WeatherForecastController.GetByCity (WeatherServiceAPI)'
2024-08-14 18:07:41.028 -06:00  ERR  An unhandled exception has occurred while executing the request.System.InvalidOperationException: Unable to resolve service for type 'Microsoft.Extensions.Logging.ILogger' while attempting to activate 'WeatherServiceAPI.Controllers.WeatherForecastController'.
   at Microsoft.Extensions.DependencyInjection.ActivatorUtilities.ThrowHelperUnableToResolveService(Type type, Type requiredBy)
   at lambda_method9(Closure , IServiceProvider , Object[] )
   at Microsoft.AspNetCore.Mvc.Controllers.ControllerActivatorProvider.<>c__DisplayClass7_0.<CreateActivator>b__0(ControllerContext controllerContext)
   at Microsoft.AspNetCore.Mvc.Controllers.ControllerFactoryProvider.<>c__DisplayClass6_0.<CreateControllerFactory>g__CreateController|0(ControllerContext controllerContext)
   at Microsoft.AspNetCore.Mvc.Infrastructure.ControllerActionInvoker.Next(State& next, Scope& scope, Object& state, Boolean& isCompleted)
   at Microsoft.AspNetCore.Mvc.Infrastructure.ControllerActionInvoker.InvokeInnerFilterAsync()
--- End of stack trace from previous location ---
   at Microsoft.AspNetCore.Mvc.Infrastructure.ResourceInvoker.<InvokeFilterPipelineAsync>g__Awaited|20_0(ResourceInvoker invoker, Task lastTask, State next, Scope scope, Object state, Boolean isCompleted)
   at Microsoft.AspNetCore.Mvc.Infrastructure.ResourceInvoker.<InvokeAsync>g__Logged|17_1(ResourceInvoker invoker)
   at Microsoft.AspNetCore.Mvc.Infrastructure.ResourceInvoker.<InvokeAsync>g__Logged|17_1(ResourceInvoker invoker)
   at Microsoft.AspNetCore.Routing.EndpointMiddleware.<Invoke>g__AwaitRequestTask|6_0(Endpoint endpoint, Task requestTask, ILogger logger)
   at Microsoft.AspNetCore.Authorization.AuthorizationMiddleware.Invoke(HttpContext context)
   at Swashbuckle.AspNetCore.SwaggerUI.SwaggerUIMiddleware.Invoke(HttpContext httpContext)
   at Swashbuckle.AspNetCore.Swagger.SwaggerMiddleware.Invoke(HttpContext httpContext, ISwaggerProvider swaggerProvider)
   at Microsoft.AspNetCore.Diagnostics.DeveloperExceptionPageMiddleware.Invoke(HttpContext context)

2024-08-14 18:07:41.282 -06:00  INF  Request finished HTTP/2 GET https://localhost:7082/api/weatherforecast/bycity?city=El%20Paso - - - 500 - text/plain;+charset=utf-8 1459.7269ms
2024-08-14 18:26:07.643 -06:00  INF  Now listening on: https://localhost:7082
2024-08-14 18:26:07.743 -06:00  INF  Now listening on: http://localhost:5184
2024-08-14 18:26:07.757 -06:00  INF  Application started. Press Ctrl+C to shut down.
2024-08-14 18:26:07.759 -06:00  INF  Hosting environment: Development
2024-08-14 18:26:07.759 -06:00  INF  Content root path: C:\Users\alvarado\Documents\GitHub\WeatherServiceAPI\WeatherServiceAPI\
2024-08-14 18:26:08.488 -06:00  INF  Request starting HTTP/2 GET https://localhost:7082/swagger/index.html - -
2024-08-14 18:26:09.660 -06:00  INF  Request finished HTTP/2 GET https://localhost:7082/swagger/index.html - - - 200 - text/html;charset=utf-8 1183.1523ms
2024-08-14 18:26:09.661 -06:00  INF  Request starting HTTP/2 GET https://localhost:7082/_framework/aspnetcore-browser-refresh.js - -
2024-08-14 18:26:09.712 -06:00  INF  Request starting HTTP/2 GET https://localhost:7082/_vs/browserLink - -
2024-08-14 18:26:09.712 -06:00  INF  Request finished HTTP/2 GET https://localhost:7082/_framework/aspnetcore-browser-refresh.js - - - 200 12366 application/javascript;+charset=utf-8 51.7794ms
2024-08-14 18:26:09.894 -06:00  INF  Request finished HTTP/2 GET https://localhost:7082/_vs/browserLink - - - 200 - text/javascript;+charset=UTF-8 181.5354ms
2024-08-14 18:26:10.045 -06:00  INF  Request starting HTTP/2 GET https://localhost:7082/swagger/v1/swagger.json - -
2024-08-14 18:26:10.390 -06:00  INF  Request finished HTTP/2 GET https://localhost:7082/swagger/v1/swagger.json - - - 200 - application/json;charset=utf-8 344.8934ms
2024-08-14 18:26:19.706 -06:00  INF  Request starting HTTP/2 GET https://localhost:7082/api/weatherforecast/bycity?city=el%20paso - -
2024-08-14 18:26:19.729 -06:00  INF  Executing endpoint 'WeatherServiceAPI.Controllers.WeatherForecastController.GetByCity (WeatherServiceAPI)'
2024-08-14 18:26:19.821 -06:00  INF  Route matched with {action = "GetByCity", controller = "WeatherForecast"}. Executing controller action with signature System.Threading.Tasks.Task`1[Microsoft.AspNetCore.Mvc.IActionResult] GetByCity(System.String) on controller WeatherServiceAPI.Controllers.WeatherForecastController (WeatherServiceAPI).
2024-08-14 18:26:20.720 -06:00  INF  Executed action WeatherServiceAPI.Controllers.WeatherForecastController.GetByCity (WeatherServiceAPI) in 888.0197ms
2024-08-14 18:26:20.729 -06:00  INF  Executed endpoint 'WeatherServiceAPI.Controllers.WeatherForecastController.GetByCity (WeatherServiceAPI)'
2024-08-14 18:26:20.739 -06:00  ERR  An unhandled exception has occurred while executing the request.System.InvalidOperationException: Unable to resolve service for type 'Microsoft.Extensions.Logging.ILogger' while attempting to activate 'WeatherServiceAPI.Controllers.WeatherForecastController'.
   at Microsoft.Extensions.DependencyInjection.ActivatorUtilities.ThrowHelperUnableToResolveService(Type type, Type requiredBy)
   at lambda_method9(Closure , IServiceProvider , Object[] )
   at Microsoft.AspNetCore.Mvc.Controllers.ControllerActivatorProvider.<>c__DisplayClass7_0.<CreateActivator>b__0(ControllerContext controllerContext)
   at Microsoft.AspNetCore.Mvc.Controllers.ControllerFactoryProvider.<>c__DisplayClass6_0.<CreateControllerFactory>g__CreateController|0(ControllerContext controllerContext)
   at Microsoft.AspNetCore.Mvc.Infrastructure.ControllerActionInvoker.Next(State& next, Scope& scope, Object& state, Boolean& isCompleted)
   at Microsoft.AspNetCore.Mvc.Infrastructure.ControllerActionInvoker.InvokeInnerFilterAsync()
--- End of stack trace from previous location ---
   at Microsoft.AspNetCore.Mvc.Infrastructure.ResourceInvoker.<InvokeFilterPipelineAsync>g__Awaited|20_0(ResourceInvoker invoker, Task lastTask, State next, Scope scope, Object state, Boolean isCompleted)
   at Microsoft.AspNetCore.Mvc.Infrastructure.ResourceInvoker.<InvokeAsync>g__Logged|17_1(ResourceInvoker invoker)
   at Microsoft.AspNetCore.Mvc.Infrastructure.ResourceInvoker.<InvokeAsync>g__Logged|17_1(ResourceInvoker invoker)
   at Microsoft.AspNetCore.Routing.EndpointMiddleware.<Invoke>g__AwaitRequestTask|6_0(Endpoint endpoint, Task requestTask, ILogger logger)
   at Microsoft.AspNetCore.Authorization.AuthorizationMiddleware.Invoke(HttpContext context)
   at Swashbuckle.AspNetCore.SwaggerUI.SwaggerUIMiddleware.Invoke(HttpContext httpContext)
   at Swashbuckle.AspNetCore.Swagger.SwaggerMiddleware.Invoke(HttpContext httpContext, ISwaggerProvider swaggerProvider)
   at Microsoft.AspNetCore.Diagnostics.DeveloperExceptionPageMiddleware.Invoke(HttpContext context)

2024-08-14 18:26:20.836 -06:00  INF  Request finished HTTP/2 GET https://localhost:7082/api/weatherforecast/bycity?city=el%20paso - - - 500 - text/plain;+charset=utf-8 1130.8034ms
2024-08-14 18:27:25.707 -06:00  INF  Now listening on: https://localhost:7082
2024-08-14 18:27:25.862 -06:00  INF  Now listening on: http://localhost:5184
2024-08-14 18:27:25.875 -06:00  INF  Application started. Press Ctrl+C to shut down.
2024-08-14 18:27:25.877 -06:00  INF  Hosting environment: Development
2024-08-14 18:27:25.877 -06:00  INF  Content root path: C:\Users\alvarado\Documents\GitHub\WeatherServiceAPI\WeatherServiceAPI\
2024-08-14 18:27:26.432 -06:00  INF  Request starting HTTP/2 GET https://localhost:7082/swagger/index.html - -
2024-08-14 18:27:27.646 -06:00  INF  Request finished HTTP/2 GET https://localhost:7082/swagger/index.html - - - 200 - text/html;charset=utf-8 1227.5148ms
2024-08-14 18:27:27.789 -06:00  INF  Request starting HTTP/2 GET https://localhost:7082/_framework/aspnetcore-browser-refresh.js - -
2024-08-14 18:27:27.811 -06:00  INF  Request starting HTTP/2 GET https://localhost:7082/_vs/browserLink - -
2024-08-14 18:27:27.823 -06:00  INF  Request finished HTTP/2 GET https://localhost:7082/_framework/aspnetcore-browser-refresh.js - - - 200 12366 application/javascript;+charset=utf-8 33.6266ms
2024-08-14 18:27:27.999 -06:00  INF  Request finished HTTP/2 GET https://localhost:7082/_vs/browserLink - - - 200 - text/javascript;+charset=UTF-8 188.0626ms
2024-08-14 18:27:28.140 -06:00  INF  Request starting HTTP/2 GET https://localhost:7082/swagger/v1/swagger.json - -
2024-08-14 18:27:28.462 -06:00  INF  Request finished HTTP/2 GET https://localhost:7082/swagger/v1/swagger.json - - - 200 - application/json;charset=utf-8 321.7269ms
2024-08-14 18:27:40.328 -06:00  INF  Request starting HTTP/2 GET https://localhost:7082/api/weatherforecast/bycity?city=el%20paso - -
2024-08-14 18:27:40.358 -06:00  INF  Executing endpoint 'WeatherServiceAPI.Controllers.WeatherForecastController.GetByCity (WeatherServiceAPI)'
2024-08-14 18:27:40.473 -06:00  INF  Route matched with {action = "GetByCity", controller = "WeatherForecast"}. Executing controller action with signature System.Threading.Tasks.Task`1[Microsoft.AspNetCore.Mvc.IActionResult] GetByCity(System.String) on controller WeatherServiceAPI.Controllers.WeatherForecastController (WeatherServiceAPI).
2024-08-14 18:27:46.885 -06:00  INF  Processing request GetByCity for City:el paso with error.
2024-08-14 18:27:46.906 -06:00  INF  Searching el paso city in DB
2024-08-14 18:28:19.218 -06:00  INF  Executed action WeatherServiceAPI.Controllers.WeatherForecastController.GetByCity (WeatherServiceAPI) in 38730.8448ms
2024-08-14 18:28:19.225 -06:00  INF  Executed endpoint 'WeatherServiceAPI.Controllers.WeatherForecastController.GetByCity (WeatherServiceAPI)'
2024-08-14 18:28:19.242 -06:00  ERR  An unhandled exception has occurred while executing the request.System.TimeoutException: A timeout occurred after 30000ms selecting a server using CompositeServerSelector{ Selectors = ReadPreferenceServerSelector{ ReadPreference = { Mode : Primary } }, LatencyLimitingServerSelector{ AllowedLatencyRange = 00:00:00.0150000 }, OperationsCountServerSelector }. Client view of cluster state is { ClusterId : "1", Type : "Unknown", State : "Disconnected", Servers : [{ ServerId: "{ ClusterId : 1, EndPoint : "Unspecified/localhost:27017" }", EndPoint: "Unspecified/localhost:27017", ReasonChanged: "Heartbeat", State: "Disconnected", ServerVersion: , TopologyVersion: , Type: "Unknown", HeartbeatException: "MongoDB.Driver.MongoConnectionException: An exception occurred while opening a connection to the server.
 ---> System.Net.Internals.SocketExceptionFactory+ExtendedSocketException (10061): No connection could be made because the target machine actively refused it. [::1]:27017
   at System.Net.Sockets.Socket.DoConnect(EndPoint endPointSnapshot, SocketAddress socketAddress)
   at System.Net.Sockets.Socket.Connect(EndPoint remoteEP)
   at MongoDB.Driver.Core.Connections.TcpStreamFactory.Connect(Socket socket, EndPoint endPoint, CancellationToken cancellationToken)
   at MongoDB.Driver.Core.Connections.TcpStreamFactory.CreateStream(EndPoint endPoint, CancellationToken cancellationToken)
   at MongoDB.Driver.Core.Connections.BinaryConnection.OpenHelper(CancellationToken cancellationToken)
   --- End of inner exception stack trace ---
   at MongoDB.Driver.Core.Connections.BinaryConnection.OpenHelper(CancellationToken cancellationToken)
   at MongoDB.Driver.Core.Connections.BinaryConnection.Open(CancellationToken cancellationToken)
   at MongoDB.Driver.Core.Servers.ServerMonitor.InitializeConnection(CancellationToken cancellationToken)
   at MongoDB.Driver.Core.Servers.ServerMonitor.Heartbeat(CancellationToken cancellationToken)", LastHeartbeatTimestamp: "2024-08-15T00:28:15.2824746Z", LastUpdateTimestamp: "2024-08-15T00:28:15.2824750Z" }] }.
   at MongoDB.Driver.Core.Clusters.Cluster.ThrowTimeoutException(IServerSelector selector, ClusterDescription description)
   at MongoDB.Driver.Core.Clusters.Cluster.WaitForDescriptionChangedHelper.HandleCompletedTask(Task completedTask)
   at MongoDB.Driver.Core.Clusters.Cluster.WaitForDescriptionChangedAsync(IServerSelector selector, ClusterDescription description, Task descriptionChangedTask, TimeSpan timeout, CancellationToken cancellationToken)
   at MongoDB.Driver.Core.Clusters.Cluster.SelectServerAsync(IServerSelector selector, CancellationToken cancellationToken)
   at MongoDB.Driver.Core.Clusters.IClusterExtensions.SelectServerAndPinIfNeededAsync(ICluster cluster, ICoreSessionHandle session, IServerSelector selector, IReadOnlyCollection`1 deprioritizedServers, CancellationToken cancellationToken)
   at MongoDB.Driver.Core.Bindings.ReadPreferenceBinding.GetReadChannelSourceAsync(IReadOnlyCollection`1 deprioritizedServers, CancellationToken cancellationToken)
   at MongoDB.Driver.Core.Operations.RetryableReadContext.InitializeAsync(CancellationToken cancellationToken)
   at MongoDB.Driver.Core.Operations.RetryableReadContext.CreateAsync(IReadBinding binding, Boolean retryRequested, CancellationToken cancellationToken)
   at MongoDB.Driver.Core.Operations.FindOperation`1.ExecuteAsync(IReadBinding binding, CancellationToken cancellationToken)
   at MongoDB.Driver.OperationExecutor.ExecuteReadOperationAsync[TResult](IReadBinding binding, IReadOperation`1 operation, CancellationToken cancellationToken)
   at MongoDB.Driver.MongoCollectionImpl`1.ExecuteReadOperationAsync[TResult](IClientSessionHandle session, IReadOperation`1 operation, ReadPreference readPreference, CancellationToken cancellationToken)
   at MongoDB.Driver.MongoCollectionImpl`1.UsingImplicitSessionAsync[TResult](Func`2 funcAsync, CancellationToken cancellationToken)
   at MongoDB.Driver.IAsyncCursorSourceExtensions.FirstOrDefaultAsync[TDocument](IAsyncCursorSource`1 source, CancellationToken cancellationToken)
   at WeatherServiceAPI.Services.MongoDBService.GetCityByNameAsync(String name) in C:\Users\alvarado\Documents\GitHub\WeatherServiceAPI\WeatherServiceAPI\Services\MongoDBService.cs:line 82
   at WeatherServiceAPI.Services.WeatherForecastService.GetForecastByCityAsync(String city) in C:\Users\alvarado\Documents\GitHub\WeatherServiceAPI\WeatherServiceAPI\Services\WeatherForecastService.cs:line 42
   at WeatherServiceAPI.Controllers.WeatherForecastController.GetByCity(String city) in C:\Users\alvarado\Documents\GitHub\WeatherServiceAPI\WeatherServiceAPI\Controllers\WeatherForecastController.cs:line 97
   at Microsoft.AspNetCore.Mvc.Infrastructure.ActionMethodExecutor.TaskOfIActionResultExecutor.Execute(IActionResultTypeMapper mapper, ObjectMethodExecutor executor, Object controller, Object[] arguments)
   at Microsoft.AspNetCore.Mvc.Infrastructure.ControllerActionInvoker.<InvokeActionMethodAsync>g__Awaited|12_0(ControllerActionInvoker invoker, ValueTask`1 actionResultValueTask)
   at Microsoft.AspNetCore.Mvc.Infrastructure.ControllerActionInvoker.<InvokeNextActionFilterAsync>g__Awaited|10_0(ControllerActionInvoker invoker, Task lastTask, State next, Scope scope, Object state, Boolean isCompleted)
   at Microsoft.AspNetCore.Mvc.Infrastructure.ControllerActionInvoker.Rethrow(ActionExecutedContextSealed context)
   at Microsoft.AspNetCore.Mvc.Infrastructure.ControllerActionInvoker.Next(State& next, Scope& scope, Object& state, Boolean& isCompleted)
   at Microsoft.AspNetCore.Mvc.Infrastructure.ControllerActionInvoker.<InvokeInnerFilterAsync>g__Awaited|13_0(ControllerActionInvoker invoker, Task lastTask, State next, Scope scope, Object state, Boolean isCompleted)
   at Microsoft.AspNetCore.Mvc.Infrastructure.ResourceInvoker.<InvokeFilterPipelineAsync>g__Awaited|20_0(ResourceInvoker invoker, Task lastTask, State next, Scope scope, Object state, Boolean isCompleted)
   at Microsoft.AspNetCore.Mvc.Infrastructure.ResourceInvoker.<InvokeAsync>g__Logged|17_1(ResourceInvoker invoker)
   at Microsoft.AspNetCore.Mvc.Infrastructure.ResourceInvoker.<InvokeAsync>g__Logged|17_1(ResourceInvoker invoker)
   at Microsoft.AspNetCore.Routing.EndpointMiddleware.<Invoke>g__AwaitRequestTask|6_0(Endpoint endpoint, Task requestTask, ILogger logger)
   at Microsoft.AspNetCore.Authorization.AuthorizationMiddleware.Invoke(HttpContext context)
   at Swashbuckle.AspNetCore.SwaggerUI.SwaggerUIMiddleware.Invoke(HttpContext httpContext)
   at Swashbuckle.AspNetCore.Swagger.SwaggerMiddleware.Invoke(HttpContext httpContext, ISwaggerProvider swaggerProvider)
   at Microsoft.AspNetCore.Diagnostics.DeveloperExceptionPageMiddleware.Invoke(HttpContext context)

2024-08-14 18:28:19.472 -06:00  INF  Request finished HTTP/2 GET https://localhost:7082/api/weatherforecast/bycity?city=el%20paso - - - 500 - text/plain;+charset=utf-8 39143.9928ms
2024-08-14 18:36:51.692 -06:00  INF  Now listening on: https://localhost:7082
2024-08-14 18:36:51.774 -06:00  INF  Now listening on: http://localhost:5184
2024-08-14 18:36:51.786 -06:00  INF  Application started. Press Ctrl+C to shut down.
2024-08-14 18:36:51.787 -06:00  INF  Hosting environment: Development
2024-08-14 18:36:51.787 -06:00  INF  Content root path: C:\Users\alvarado\Documents\GitHub\WeatherServiceAPI\WeatherServiceAPI\
2024-08-14 18:36:52.888 -06:00  INF  Request starting HTTP/2 GET https://localhost:7082/swagger/index.html - -
2024-08-14 18:36:54.278 -06:00  INF  Request finished HTTP/2 GET https://localhost:7082/swagger/index.html - - - 200 - text/html;charset=utf-8 1403.9224ms
2024-08-14 18:36:54.429 -06:00  INF  Request starting HTTP/2 GET https://localhost:7082/_vs/browserLink - -
2024-08-14 18:36:54.430 -06:00  INF  Request starting HTTP/2 GET https://localhost:7082/_framework/aspnetcore-browser-refresh.js - -
2024-08-14 18:36:54.441 -06:00  INF  Request finished HTTP/2 GET https://localhost:7082/_framework/aspnetcore-browser-refresh.js - - - 200 12366 application/javascript;+charset=utf-8 11.4194ms
2024-08-14 18:36:54.624 -06:00  INF  Request finished HTTP/2 GET https://localhost:7082/_vs/browserLink - - - 200 - text/javascript;+charset=UTF-8 194.8958ms
2024-08-14 18:36:54.759 -06:00  INF  Request starting HTTP/2 GET https://localhost:7082/swagger/v1/swagger.json - -
2024-08-14 18:36:55.125 -06:00  INF  Request finished HTTP/2 GET https://localhost:7082/swagger/v1/swagger.json - - - 200 - application/json;charset=utf-8 366.1745ms
2024-08-14 18:37:11.092 -06:00  INF  Request starting HTTP/2 GET https://localhost:7082/api/weatherforecast/bycity?city=El%20Paso - -
2024-08-14 18:37:11.112 -06:00  INF  Executing endpoint 'WeatherServiceAPI.Controllers.WeatherForecastController.GetByCity (WeatherServiceAPI)'
2024-08-14 18:37:11.238 -06:00  INF  Route matched with {action = "GetByCity", controller = "WeatherForecast"}. Executing controller action with signature System.Threading.Tasks.Task`1[Microsoft.AspNetCore.Mvc.IActionResult] GetByCity(System.String) on controller WeatherServiceAPI.Controllers.WeatherForecastController (WeatherServiceAPI).
2024-08-14 18:37:20.829 -06:00  INF  Processing request GetByCity for City:'El Paso'.
2024-08-14 18:37:20.836 -06:00  INF  Searching El Paso city in DB
2024-08-14 18:37:21.809 -06:00  INF  Searching El Paso city in DB. City was found.
2024-08-14 18:37:21.813 -06:00  INF  Searching location 31.75872, -106.48693 in DB (expiresInMinutes=60).
2024-08-14 18:37:22.114 -06:00  INF  Searching location 31.75872, -106.48693 in DB (expiresInMinutes=60). Location not found or stale data.
2024-08-14 18:37:22.114 -06:00  INF  Searching location 31.75872, -106.48693 in DB (expiresInMinutes=60). Location found.
2024-08-14 18:37:22.515 -06:00  INF  Fetching coordinates 31.75872, -106.48693 from OpenMeteo API.
2024-08-14 18:37:22.595 -06:00  INF  Start processing HTTP request GET "https://api.open-meteo.com/v1/forecast?latitude=31.75872&longitude=-106.48693&current=temperature_2m%2cwind_speed_10m%2cwind_direction_10m&daily=temperature_2m_max%2ctemperature_2m_min%2csunrise%2cwind_speed_10m_max%2cwind_direction_10m_dominant"
2024-08-14 18:37:22.605 -06:00  INF  Sending HTTP request GET "https://api.open-meteo.com/v1/forecast?latitude=31.75872&longitude=-106.48693&current=temperature_2m%2cwind_speed_10m%2cwind_direction_10m&daily=temperature_2m_max%2ctemperature_2m_min%2csunrise%2cwind_speed_10m_max%2cwind_direction_10m_dominant"
2024-08-14 18:37:23.300 -06:00  INF  Received HTTP response headers after 684.7341ms - 200
2024-08-14 18:37:23.304 -06:00  INF  End processing HTTP request after 732.8853ms - 200
2024-08-14 18:37:23.592 -06:00  INF  Fetching coordinates 31.75872, -106.48693 from OpenMeteo API. Location was found:WeatherServiceAPI.Models.WeatherForecast
2024-08-14 18:37:23.593 -06:00  INF  Inserting new WeatherForecast record: WeatherServiceAPI.Models.WeatherForecast
2024-08-14 18:37:24.499 -06:00  INF  Completed request GetByCity for City:'El Paso'.
2024-08-14 18:37:24.577 -06:00  INF  Executing OkObjectResult, writing value of type 'WeatherServiceAPI.Dtos.WeatherForecastDto'.
2024-08-14 18:37:24.654 -06:00  INF  Executed action WeatherServiceAPI.Controllers.WeatherForecastController.GetByCity (WeatherServiceAPI) in 13402.9881ms
2024-08-14 18:37:24.656 -06:00  INF  Executed endpoint 'WeatherServiceAPI.Controllers.WeatherForecastController.GetByCity (WeatherServiceAPI)'
2024-08-14 18:37:24.661 -06:00  INF  Request finished HTTP/2 GET https://localhost:7082/api/weatherforecast/bycity?city=El%20Paso - - - 200 - application/json;+charset=utf-8 13568.5641ms
2024-08-14 18:40:57.159 -06:00  INF  Now listening on: https://localhost:7082
2024-08-14 18:40:57.228 -06:00  INF  Now listening on: http://localhost:5184
2024-08-14 18:40:57.239 -06:00  INF  Application started. Press Ctrl+C to shut down.
2024-08-14 18:40:57.240 -06:00  INF  Hosting environment: Development
2024-08-14 18:40:57.240 -06:00  INF  Content root path: C:\Users\alvarado\Documents\GitHub\WeatherServiceAPI\WeatherServiceAPI\
2024-08-14 18:40:58.156 -06:00  INF  Request starting HTTP/2 GET https://localhost:7082/swagger/index.html - -
2024-08-14 18:40:59.504 -06:00  INF  Request finished HTTP/2 GET https://localhost:7082/swagger/index.html - - - 200 - text/html;charset=utf-8 1359.7831ms
2024-08-14 18:40:59.576 -06:00  INF  Request starting HTTP/2 GET https://localhost:7082/_framework/aspnetcore-browser-refresh.js - -
2024-08-14 18:40:59.602 -06:00  INF  Request starting HTTP/2 GET https://localhost:7082/_vs/browserLink - -
2024-08-14 18:40:59.618 -06:00  INF  Request finished HTTP/2 GET https://localhost:7082/_framework/aspnetcore-browser-refresh.js - - - 200 12366 application/javascript;+charset=utf-8 41.7904ms
2024-08-14 18:40:59.883 -06:00  INF  Request finished HTTP/2 GET https://localhost:7082/_vs/browserLink - - - 200 - text/javascript;+charset=UTF-8 281.0904ms
2024-08-14 18:40:59.994 -06:00  INF  Request starting HTTP/2 GET https://localhost:7082/swagger/v1/swagger.json - -
2024-08-14 18:41:00.399 -06:00  INF  Request finished HTTP/2 GET https://localhost:7082/swagger/v1/swagger.json - - - 200 - application/json;charset=utf-8 404.1834ms
2024-08-14 18:41:11.058 -06:00  INF  Request starting HTTP/2 GET https://localhost:7082/api/weatherforecast/bycity?city=El%20Paso - -
2024-08-14 18:41:11.098 -06:00  INF  Executing endpoint 'WeatherServiceAPI.Controllers.WeatherForecastController.GetByCity (WeatherServiceAPI)'
2024-08-14 18:41:11.183 -06:00  INF  Route matched with {action = "GetByCity", controller = "WeatherForecast"}. Executing controller action with signature System.Threading.Tasks.Task`1[Microsoft.AspNetCore.Mvc.IActionResult] GetByCity(System.String) on controller WeatherServiceAPI.Controllers.WeatherForecastController (WeatherServiceAPI).
2024-08-14 18:41:12.192 -06:00  INF  Processing request GetByCity for City:'El Paso'.
2024-08-14 18:41:12.201 -06:00  INF  Searching El Paso city in DB
2024-08-14 18:41:13.206 -06:00  INF  Searching El Paso city in DB. City was found.
2024-08-14 18:41:13.216 -06:00  INF  Searching location 31.75872, -106.48693 in DB (expiresInMinutes=60).
2024-08-14 18:41:13.411 -06:00  INF  Searching location 31.75872, -106.48693 in DB (expiresInMinutes=60). Location found.
2024-08-14 18:41:13.412 -06:00  INF  Completed request GetByCity for City:'El Paso'.
2024-08-14 18:41:13.454 -06:00  INF  Executing OkObjectResult, writing value of type 'WeatherServiceAPI.Dtos.WeatherForecastDto'.
2024-08-14 18:41:13.506 -06:00  INF  Executed action WeatherServiceAPI.Controllers.WeatherForecastController.GetByCity (WeatherServiceAPI) in 2303.5711ms
2024-08-14 18:41:13.516 -06:00  INF  Executed endpoint 'WeatherServiceAPI.Controllers.WeatherForecastController.GetByCity (WeatherServiceAPI)'
2024-08-14 18:41:13.529 -06:00  INF  Request finished HTTP/2 GET https://localhost:7082/api/weatherforecast/bycity?city=El%20Paso - - - 200 - application/json;+charset=utf-8 2471.5277ms
2024-08-14 18:42:39.898 -06:00  INF  Request starting HTTP/2 GET https://localhost:7082/api/weatherforecast/bylocation?latitude=31.75872039794922&longitude=-106.48693084716797 - -
2024-08-14 18:42:39.911 -06:00  INF  Executing endpoint 'WeatherServiceAPI.Controllers.WeatherForecastController.GetByLocation (WeatherServiceAPI)'
2024-08-14 18:42:39.918 -06:00  INF  Route matched with {action = "GetByLocation", controller = "WeatherForecast"}. Executing controller action with signature System.Threading.Tasks.Task`1[Microsoft.AspNetCore.Mvc.IActionResult] GetByLocation(Single, Single) on controller WeatherServiceAPI.Controllers.WeatherForecastController (WeatherServiceAPI).
2024-08-14 18:42:39.923 -06:00  INF  Processing request GetByLocation for Latitude:31.75872, and Longitude:-106.48693.
2024-08-14 18:42:39.924 -06:00  INF  Searching location 31.75872, -106.48693 in DB (expiresInMinutes=60).
2024-08-14 18:42:39.930 -06:00  INF  Searching location 31.75872, -106.48693 in DB (expiresInMinutes=60). Location found.
2024-08-14 18:42:39.931 -06:00  INF  Completed request GetByLocation for Latitude:31.75872, and Longitude:-106.48693.
2024-08-14 18:42:40.099 -06:00  INF  Executed action WeatherServiceAPI.Controllers.WeatherForecastController.GetByLocation (WeatherServiceAPI) in 180.3829ms
2024-08-14 18:42:40.100 -06:00  INF  Executed endpoint 'WeatherServiceAPI.Controllers.WeatherForecastController.GetByLocation (WeatherServiceAPI)'
2024-08-14 18:42:40.114 -06:00  ERR  An unhandled exception has occurred while executing the request.System.Exception: Exception while fetching all the students from the storage.
   at WeatherServiceAPI.Controllers.WeatherForecastController.GetByLocation(Single latitude, Single longitude) in C:\Users\alvarado\Documents\GitHub\WeatherServiceAPI\WeatherServiceAPI\Controllers\WeatherForecastController.cs:line 68
   at Microsoft.AspNetCore.Mvc.Infrastructure.ActionMethodExecutor.TaskOfIActionResultExecutor.Execute(IActionResultTypeMapper mapper, ObjectMethodExecutor executor, Object controller, Object[] arguments)
   at Microsoft.AspNetCore.Mvc.Infrastructure.ControllerActionInvoker.<InvokeActionMethodAsync>g__Awaited|12_0(ControllerActionInvoker invoker, ValueTask`1 actionResultValueTask)
   at Microsoft.AspNetCore.Mvc.Infrastructure.ControllerActionInvoker.<InvokeNextActionFilterAsync>g__Awaited|10_0(ControllerActionInvoker invoker, Task lastTask, State next, Scope scope, Object state, Boolean isCompleted)
   at Microsoft.AspNetCore.Mvc.Infrastructure.ControllerActionInvoker.Rethrow(ActionExecutedContextSealed context)
   at Microsoft.AspNetCore.Mvc.Infrastructure.ControllerActionInvoker.Next(State& next, Scope& scope, Object& state, Boolean& isCompleted)
   at Microsoft.AspNetCore.Mvc.Infrastructure.ControllerActionInvoker.<InvokeInnerFilterAsync>g__Awaited|13_0(ControllerActionInvoker invoker, Task lastTask, State next, Scope scope, Object state, Boolean isCompleted)
   at Microsoft.AspNetCore.Mvc.Infrastructure.ResourceInvoker.<InvokeFilterPipelineAsync>g__Awaited|20_0(ResourceInvoker invoker, Task lastTask, State next, Scope scope, Object state, Boolean isCompleted)
   at Microsoft.AspNetCore.Mvc.Infrastructure.ResourceInvoker.<InvokeAsync>g__Logged|17_1(ResourceInvoker invoker)
   at Microsoft.AspNetCore.Mvc.Infrastructure.ResourceInvoker.<InvokeAsync>g__Logged|17_1(ResourceInvoker invoker)
   at Microsoft.AspNetCore.Routing.EndpointMiddleware.<Invoke>g__AwaitRequestTask|6_0(Endpoint endpoint, Task requestTask, ILogger logger)
   at Microsoft.AspNetCore.Authorization.AuthorizationMiddleware.Invoke(HttpContext context)
   at Swashbuckle.AspNetCore.SwaggerUI.SwaggerUIMiddleware.Invoke(HttpContext httpContext)
   at Swashbuckle.AspNetCore.Swagger.SwaggerMiddleware.Invoke(HttpContext httpContext, ISwaggerProvider swaggerProvider)
   at Microsoft.AspNetCore.Diagnostics.ExceptionHandlerMiddleware.<Invoke>g__Awaited|6_0(ExceptionHandlerMiddleware middleware, HttpContext context, Task task)

2024-08-14 18:42:40.342 -06:00  ERR  Something went wrongSystem.Exception: Exception while fetching all the students from the storage.
   at WeatherServiceAPI.Controllers.WeatherForecastController.GetByLocation(Single latitude, Single longitude) in C:\Users\alvarado\Documents\GitHub\WeatherServiceAPI\WeatherServiceAPI\Controllers\WeatherForecastController.cs:line 68
   at Microsoft.AspNetCore.Mvc.Infrastructure.ActionMethodExecutor.TaskOfIActionResultExecutor.Execute(IActionResultTypeMapper mapper, ObjectMethodExecutor executor, Object controller, Object[] arguments)
   at Microsoft.AspNetCore.Mvc.Infrastructure.ControllerActionInvoker.<InvokeActionMethodAsync>g__Awaited|12_0(ControllerActionInvoker invoker, ValueTask`1 actionResultValueTask)
   at Microsoft.AspNetCore.Mvc.Infrastructure.ControllerActionInvoker.<InvokeNextActionFilterAsync>g__Awaited|10_0(ControllerActionInvoker invoker, Task lastTask, State next, Scope scope, Object state, Boolean isCompleted)
   at Microsoft.AspNetCore.Mvc.Infrastructure.ControllerActionInvoker.Rethrow(ActionExecutedContextSealed context)
   at Microsoft.AspNetCore.Mvc.Infrastructure.ControllerActionInvoker.Next(State& next, Scope& scope, Object& state, Boolean& isCompleted)
   at Microsoft.AspNetCore.Mvc.Infrastructure.ControllerActionInvoker.<InvokeInnerFilterAsync>g__Awaited|13_0(ControllerActionInvoker invoker, Task lastTask, State next, Scope scope, Object state, Boolean isCompleted)
   at Microsoft.AspNetCore.Mvc.Infrastructure.ResourceInvoker.<InvokeFilterPipelineAsync>g__Awaited|20_0(ResourceInvoker invoker, Task lastTask, State next, Scope scope, Object state, Boolean isCompleted)
   at Microsoft.AspNetCore.Mvc.Infrastructure.ResourceInvoker.<InvokeAsync>g__Logged|17_1(ResourceInvoker invoker)
   at Microsoft.AspNetCore.Mvc.Infrastructure.ResourceInvoker.<InvokeAsync>g__Logged|17_1(ResourceInvoker invoker)
   at Microsoft.AspNetCore.Routing.EndpointMiddleware.<Invoke>g__AwaitRequestTask|6_0(Endpoint endpoint, Task requestTask, ILogger logger)
   at Microsoft.AspNetCore.Authorization.AuthorizationMiddleware.Invoke(HttpContext context)
   at Swashbuckle.AspNetCore.SwaggerUI.SwaggerUIMiddleware.Invoke(HttpContext httpContext)
   at Swashbuckle.AspNetCore.Swagger.SwaggerMiddleware.Invoke(HttpContext httpContext, ISwaggerProvider swaggerProvider)
   at Microsoft.AspNetCore.Diagnostics.ExceptionHandlerMiddleware.<Invoke>g__Awaited|6_0(ExceptionHandlerMiddleware middleware, HttpContext context, Task task)

2024-08-14 18:42:40.348 -06:00  INF  Request finished HTTP/2 GET https://localhost:7082/api/weatherforecast/bylocation?latitude=31.75872039794922&longitude=-106.48693084716797 - - - 500 - application/json 452.1940ms
2024-08-14 18:44:12.461 -06:00  INF  Now listening on: https://localhost:7082
2024-08-14 18:44:12.598 -06:00  INF  Now listening on: http://localhost:5184
2024-08-14 18:44:12.618 -06:00  INF  Application started. Press Ctrl+C to shut down.
2024-08-14 18:44:12.622 -06:00  INF  Hosting environment: Development
2024-08-14 18:44:12.622 -06:00  INF  Content root path: C:\Users\alvarado\Documents\GitHub\WeatherServiceAPI\WeatherServiceAPI\
2024-08-14 18:44:13.184 -06:00  INF  Request starting HTTP/2 GET https://localhost:7082/swagger/index.html - -
2024-08-14 18:44:14.381 -06:00  INF  Request finished HTTP/2 GET https://localhost:7082/swagger/index.html - - - 200 - text/html;charset=utf-8 1221.3565ms
2024-08-14 18:44:14.384 -06:00  INF  Request starting HTTP/2 GET https://localhost:7082/_vs/browserLink - -
2024-08-14 18:44:14.387 -06:00  INF  Request starting HTTP/2 GET https://localhost:7082/_framework/aspnetcore-browser-refresh.js - -
2024-08-14 18:44:14.412 -06:00  INF  Request finished HTTP/2 GET https://localhost:7082/_framework/aspnetcore-browser-refresh.js - - - 200 12366 application/javascript;+charset=utf-8 24.9042ms
2024-08-14 18:44:14.606 -06:00  INF  Request finished HTTP/2 GET https://localhost:7082/_vs/browserLink - - - 200 - text/javascript;+charset=UTF-8 222.1477ms
2024-08-14 18:44:14.754 -06:00  INF  Request starting HTTP/2 GET https://localhost:7082/swagger/v1/swagger.json - -
2024-08-14 18:44:15.068 -06:00  INF  Request finished HTTP/2 GET https://localhost:7082/swagger/v1/swagger.json - - - 200 - application/json;charset=utf-8 313.8065ms
2024-08-14 18:44:23.790 -06:00  INF  Request starting HTTP/2 GET https://localhost:7082/api/weatherforecast/bycity?city=el%20paso - -
2024-08-14 18:44:23.814 -06:00  INF  Executing endpoint 'WeatherServiceAPI.Controllers.WeatherForecastController.GetByCity (WeatherServiceAPI)'
2024-08-14 18:44:23.922 -06:00  INF  Route matched with {action = "GetByCity", controller = "WeatherForecast"}. Executing controller action with signature System.Threading.Tasks.Task`1[Microsoft.AspNetCore.Mvc.IActionResult] GetByCity(System.String) on controller WeatherServiceAPI.Controllers.WeatherForecastController (WeatherServiceAPI).
2024-08-14 18:44:24.895 -06:00  INF  Processing request GetByCity for City:'el paso'.
2024-08-14 18:44:24.901 -06:00  INF  Searching el paso city in DB
2024-08-14 18:44:25.852 -06:00  INF  Searching el paso city in DB. City was found.
2024-08-14 18:44:25.855 -06:00  INF  Searching location 31.75872, -106.48693 in DB (expiresInMinutes=60).
2024-08-14 18:44:26.027 -06:00  INF  Searching location 31.75872, -106.48693 in DB (expiresInMinutes=60). Location found.
2024-08-14 18:44:26.028 -06:00  INF  Completed request GetByCity for City:'el paso'.
2024-08-14 18:44:26.069 -06:00  INF  Executing OkObjectResult, writing value of type 'WeatherServiceAPI.Dtos.WeatherForecastDto'.
2024-08-14 18:44:26.144 -06:00  INF  Executed action WeatherServiceAPI.Controllers.WeatherForecastController.GetByCity (WeatherServiceAPI) in 2203.9127ms
2024-08-14 18:44:26.148 -06:00  INF  Executed endpoint 'WeatherServiceAPI.Controllers.WeatherForecastController.GetByCity (WeatherServiceAPI)'
2024-08-14 18:44:26.157 -06:00  INF  Request finished HTTP/2 GET https://localhost:7082/api/weatherforecast/bycity?city=el%20paso - - - 200 - application/json;+charset=utf-8 2367.5673ms
2024-08-14 18:45:14.642 -06:00  INF  Request starting HTTP/2 GET https://localhost:7082/api/weatherforecast/bylocation?latitude=31.75872039794922&longitude=-106.48693084716797 - -
2024-08-14 18:45:14.645 -06:00  INF  Executing endpoint 'WeatherServiceAPI.Controllers.WeatherForecastController.GetByLocation (WeatherServiceAPI)'
2024-08-14 18:45:14.652 -06:00  INF  Route matched with {action = "GetByLocation", controller = "WeatherForecast"}. Executing controller action with signature System.Threading.Tasks.Task`1[Microsoft.AspNetCore.Mvc.IActionResult] GetByLocation(Single, Single) on controller WeatherServiceAPI.Controllers.WeatherForecastController (WeatherServiceAPI).
2024-08-14 18:45:14.659 -06:00  INF  Processing request GetByLocation for Latitude:31.75872, and Longitude:-106.48693.
2024-08-14 18:45:14.660 -06:00  INF  Searching location 31.75872, -106.48693 in DB (expiresInMinutes=60).
2024-08-14 18:45:14.668 -06:00  INF  Searching location 31.75872, -106.48693 in DB (expiresInMinutes=60). Location found.
2024-08-14 18:45:14.671 -06:00  INF  Completed request GetByLocation for Latitude:31.75872, and Longitude:-106.48693.
2024-08-14 18:45:14.674 -06:00  INF  Executing OkObjectResult, writing value of type 'WeatherServiceAPI.Dtos.WeatherForecastDto'.
2024-08-14 18:45:14.674 -06:00  INF  Executed action WeatherServiceAPI.Controllers.WeatherForecastController.GetByLocation (WeatherServiceAPI) in 22.3085ms
2024-08-14 18:45:14.675 -06:00  INF  Executed endpoint 'WeatherServiceAPI.Controllers.WeatherForecastController.GetByLocation (WeatherServiceAPI)'
2024-08-14 18:45:14.675 -06:00  INF  Request finished HTTP/2 GET https://localhost:7082/api/weatherforecast/bylocation?latitude=31.75872039794922&longitude=-106.48693084716797 - - - 200 - application/json;+charset=utf-8 32.7958ms
2024-08-14 18:49:11.205 -06:00  INF  Now listening on: https://localhost:7082
2024-08-14 18:49:11.278 -06:00  INF  Now listening on: http://localhost:5184
2024-08-14 18:49:11.290 -06:00  INF  Application started. Press Ctrl+C to shut down.
2024-08-14 18:49:11.293 -06:00  INF  Hosting environment: Development
2024-08-14 18:49:11.293 -06:00  INF  Content root path: C:\Users\alvarado\Documents\GitHub\WeatherServiceAPI\WeatherServiceAPI\
2024-08-14 18:49:12.065 -06:00  INF  Request starting HTTP/2 GET https://localhost:7082/swagger/index.html - -
2024-08-14 18:49:13.176 -06:00  INF  Request finished HTTP/2 GET https://localhost:7082/swagger/index.html - - - 200 - text/html;charset=utf-8 1114.5580ms
2024-08-14 18:49:13.176 -06:00  INF  Request starting HTTP/2 GET https://localhost:7082/_framework/aspnetcore-browser-refresh.js - -
2024-08-14 18:49:13.182 -06:00  INF  Request starting HTTP/2 GET https://localhost:7082/_vs/browserLink - -
2024-08-14 18:49:13.224 -06:00  INF  Request finished HTTP/2 GET https://localhost:7082/_framework/aspnetcore-browser-refresh.js - - - 200 12366 application/javascript;+charset=utf-8 47.4062ms
2024-08-14 18:49:13.381 -06:00  INF  Request finished HTTP/2 GET https://localhost:7082/_vs/browserLink - - - 200 - text/javascript;+charset=UTF-8 199.2233ms
2024-08-14 18:49:13.516 -06:00  INF  Request starting HTTP/2 GET https://localhost:7082/swagger/v1/swagger.json - -
2024-08-14 18:49:13.922 -06:00  INF  Request finished HTTP/2 GET https://localhost:7082/swagger/v1/swagger.json - - - 200 - application/json;charset=utf-8 406.6939ms
2024-08-14 18:49:32.072 -06:00  INF  Request starting HTTP/2 GET https://localhost:7082/api/weatherforecast/bycity?city=el%20paso - -
2024-08-14 18:49:32.093 -06:00  INF  Executing endpoint 'WeatherServiceAPI.Controllers.WeatherForecastController.GetByCity (WeatherServiceAPI)'
2024-08-14 18:49:32.167 -06:00  INF  Route matched with {action = "GetByCity", controller = "WeatherForecast"}. Executing controller action with signature System.Threading.Tasks.Task`1[Microsoft.AspNetCore.Mvc.IActionResult] GetByCity(System.String) on controller WeatherServiceAPI.Controllers.WeatherForecastController (WeatherServiceAPI).
2024-08-14 18:49:33.057 -06:00  INF  Processing request GetByCity for City:'el paso'.
2024-08-14 18:49:33.061 -06:00  INF  Searching 'el paso' city in DB
2024-08-14 18:50:04.193 -06:00  INF  Executed action WeatherServiceAPI.Controllers.WeatherForecastController.GetByCity (WeatherServiceAPI) in 32014.5107ms
2024-08-14 18:50:04.201 -06:00  INF  Executed endpoint 'WeatherServiceAPI.Controllers.WeatherForecastController.GetByCity (WeatherServiceAPI)'
2024-08-14 18:50:04.222 -06:00  ERR  An unhandled exception has occurred while executing the request.System.TimeoutException: A timeout occurred after 30000ms selecting a server using CompositeServerSelector{ Selectors = ReadPreferenceServerSelector{ ReadPreference = { Mode : Primary } }, LatencyLimitingServerSelector{ AllowedLatencyRange = 00:00:00.0150000 }, OperationsCountServerSelector }. Client view of cluster state is { ClusterId : "1", Type : "Unknown", State : "Disconnected", Servers : [{ ServerId: "{ ClusterId : 1, EndPoint : "Unspecified/localhost:27017" }", EndPoint: "Unspecified/localhost:27017", ReasonChanged: "Heartbeat", State: "Disconnected", ServerVersion: , TopologyVersion: , Type: "Unknown", HeartbeatException: "MongoDB.Driver.MongoConnectionException: An exception occurred while opening a connection to the server.
 ---> System.Net.Internals.SocketExceptionFactory+ExtendedSocketException (10061): No connection could be made because the target machine actively refused it. [::1]:27017
   at System.Net.Sockets.Socket.DoConnect(EndPoint endPointSnapshot, SocketAddress socketAddress)
   at System.Net.Sockets.Socket.Connect(EndPoint remoteEP)
   at MongoDB.Driver.Core.Connections.TcpStreamFactory.Connect(Socket socket, EndPoint endPoint, CancellationToken cancellationToken)
   at MongoDB.Driver.Core.Connections.TcpStreamFactory.CreateStream(EndPoint endPoint, CancellationToken cancellationToken)
   at MongoDB.Driver.Core.Connections.BinaryConnection.OpenHelper(CancellationToken cancellationToken)
   --- End of inner exception stack trace ---
   at MongoDB.Driver.Core.Connections.BinaryConnection.OpenHelper(CancellationToken cancellationToken)
   at MongoDB.Driver.Core.Connections.BinaryConnection.Open(CancellationToken cancellationToken)
   at MongoDB.Driver.Core.Servers.ServerMonitor.InitializeConnection(CancellationToken cancellationToken)
   at MongoDB.Driver.Core.Servers.ServerMonitor.Heartbeat(CancellationToken cancellationToken)", LastHeartbeatTimestamp: "2024-08-15T00:49:59.9166971Z", LastUpdateTimestamp: "2024-08-15T00:49:59.9166976Z" }] }.
   at MongoDB.Driver.Core.Clusters.Cluster.ThrowTimeoutException(IServerSelector selector, ClusterDescription description)
   at MongoDB.Driver.Core.Clusters.Cluster.WaitForDescriptionChangedHelper.HandleCompletedTask(Task completedTask)
   at MongoDB.Driver.Core.Clusters.Cluster.WaitForDescriptionChangedAsync(IServerSelector selector, ClusterDescription description, Task descriptionChangedTask, TimeSpan timeout, CancellationToken cancellationToken)
   at MongoDB.Driver.Core.Clusters.Cluster.SelectServerAsync(IServerSelector selector, CancellationToken cancellationToken)
   at MongoDB.Driver.Core.Clusters.IClusterExtensions.SelectServerAndPinIfNeededAsync(ICluster cluster, ICoreSessionHandle session, IServerSelector selector, IReadOnlyCollection`1 deprioritizedServers, CancellationToken cancellationToken)
   at MongoDB.Driver.Core.Bindings.ReadPreferenceBinding.GetReadChannelSourceAsync(IReadOnlyCollection`1 deprioritizedServers, CancellationToken cancellationToken)
   at MongoDB.Driver.Core.Operations.RetryableReadContext.InitializeAsync(CancellationToken cancellationToken)
   at MongoDB.Driver.Core.Operations.RetryableReadContext.CreateAsync(IReadBinding binding, Boolean retryRequested, CancellationToken cancellationToken)
   at MongoDB.Driver.Core.Operations.FindOperation`1.ExecuteAsync(IReadBinding binding, CancellationToken cancellationToken)
   at MongoDB.Driver.OperationExecutor.ExecuteReadOperationAsync[TResult](IReadBinding binding, IReadOperation`1 operation, CancellationToken cancellationToken)
   at MongoDB.Driver.MongoCollectionImpl`1.ExecuteReadOperationAsync[TResult](IClientSessionHandle session, IReadOperation`1 operation, ReadPreference readPreference, CancellationToken cancellationToken)
   at MongoDB.Driver.MongoCollectionImpl`1.UsingImplicitSessionAsync[TResult](Func`2 funcAsync, CancellationToken cancellationToken)
   at MongoDB.Driver.IAsyncCursorSourceExtensions.FirstOrDefaultAsync[TDocument](IAsyncCursorSource`1 source, CancellationToken cancellationToken)
   at WeatherServiceAPI.Services.MongoDBService.GetCityByNameAsync(String name) in C:\Users\alvarado\Documents\GitHub\WeatherServiceAPI\WeatherServiceAPI\Services\MongoDBService.cs:line 82
   at WeatherServiceAPI.Services.WeatherForecastService.GetForecastByCityAsync(String city) in C:\Users\alvarado\Documents\GitHub\WeatherServiceAPI\WeatherServiceAPI\Services\WeatherForecastService.cs:line 42
   at WeatherServiceAPI.Controllers.WeatherForecastController.GetByCity(String city) in C:\Users\alvarado\Documents\GitHub\WeatherServiceAPI\WeatherServiceAPI\Controllers\WeatherForecastController.cs:line 96
   at Microsoft.AspNetCore.Mvc.Infrastructure.ActionMethodExecutor.TaskOfIActionResultExecutor.Execute(IActionResultTypeMapper mapper, ObjectMethodExecutor executor, Object controller, Object[] arguments)
   at Microsoft.AspNetCore.Mvc.Infrastructure.ControllerActionInvoker.<InvokeActionMethodAsync>g__Awaited|12_0(ControllerActionInvoker invoker, ValueTask`1 actionResultValueTask)
   at Microsoft.AspNetCore.Mvc.Infrastructure.ControllerActionInvoker.<InvokeNextActionFilterAsync>g__Awaited|10_0(ControllerActionInvoker invoker, Task lastTask, State next, Scope scope, Object state, Boolean isCompleted)
   at Microsoft.AspNetCore.Mvc.Infrastructure.ControllerActionInvoker.Rethrow(ActionExecutedContextSealed context)
   at Microsoft.AspNetCore.Mvc.Infrastructure.ControllerActionInvoker.Next(State& next, Scope& scope, Object& state, Boolean& isCompleted)
   at Microsoft.AspNetCore.Mvc.Infrastructure.ControllerActionInvoker.<InvokeInnerFilterAsync>g__Awaited|13_0(ControllerActionInvoker invoker, Task lastTask, State next, Scope scope, Object state, Boolean isCompleted)
   at Microsoft.AspNetCore.Mvc.Infrastructure.ResourceInvoker.<InvokeFilterPipelineAsync>g__Awaited|20_0(ResourceInvoker invoker, Task lastTask, State next, Scope scope, Object state, Boolean isCompleted)
   at Microsoft.AspNetCore.Mvc.Infrastructure.ResourceInvoker.<InvokeAsync>g__Logged|17_1(ResourceInvoker invoker)
   at Microsoft.AspNetCore.Mvc.Infrastructure.ResourceInvoker.<InvokeAsync>g__Logged|17_1(ResourceInvoker invoker)
   at Microsoft.AspNetCore.Routing.EndpointMiddleware.<Invoke>g__AwaitRequestTask|6_0(Endpoint endpoint, Task requestTask, ILogger logger)
   at Microsoft.AspNetCore.Authorization.AuthorizationMiddleware.Invoke(HttpContext context)
   at Swashbuckle.AspNetCore.SwaggerUI.SwaggerUIMiddleware.Invoke(HttpContext httpContext)
   at Swashbuckle.AspNetCore.Swagger.SwaggerMiddleware.Invoke(HttpContext httpContext, ISwaggerProvider swaggerProvider)
   at Microsoft.AspNetCore.Diagnostics.ExceptionHandlerMiddleware.<Invoke>g__Awaited|6_0(ExceptionHandlerMiddleware middleware, HttpContext context, Task task)

2024-08-14 18:50:04.301 -06:00  ERR  Something went wrongSystem.TimeoutException: A timeout occurred after 30000ms selecting a server using CompositeServerSelector{ Selectors = ReadPreferenceServerSelector{ ReadPreference = { Mode : Primary } }, LatencyLimitingServerSelector{ AllowedLatencyRange = 00:00:00.0150000 }, OperationsCountServerSelector }. Client view of cluster state is { ClusterId : "1", Type : "Unknown", State : "Disconnected", Servers : [{ ServerId: "{ ClusterId : 1, EndPoint : "Unspecified/localhost:27017" }", EndPoint: "Unspecified/localhost:27017", ReasonChanged: "Heartbeat", State: "Disconnected", ServerVersion: , TopologyVersion: , Type: "Unknown", HeartbeatException: "MongoDB.Driver.MongoConnectionException: An exception occurred while opening a connection to the server.
 ---> System.Net.Internals.SocketExceptionFactory+ExtendedSocketException (10061): No connection could be made because the target machine actively refused it. [::1]:27017
   at System.Net.Sockets.Socket.DoConnect(EndPoint endPointSnapshot, SocketAddress socketAddress)
   at System.Net.Sockets.Socket.Connect(EndPoint remoteEP)
   at MongoDB.Driver.Core.Connections.TcpStreamFactory.Connect(Socket socket, EndPoint endPoint, CancellationToken cancellationToken)
   at MongoDB.Driver.Core.Connections.TcpStreamFactory.CreateStream(EndPoint endPoint, CancellationToken cancellationToken)
   at MongoDB.Driver.Core.Connections.BinaryConnection.OpenHelper(CancellationToken cancellationToken)
   --- End of inner exception stack trace ---
   at MongoDB.Driver.Core.Connections.BinaryConnection.OpenHelper(CancellationToken cancellationToken)
   at MongoDB.Driver.Core.Connections.BinaryConnection.Open(CancellationToken cancellationToken)
   at MongoDB.Driver.Core.Servers.ServerMonitor.InitializeConnection(CancellationToken cancellationToken)
   at MongoDB.Driver.Core.Servers.ServerMonitor.Heartbeat(CancellationToken cancellationToken)", LastHeartbeatTimestamp: "2024-08-15T00:49:59.9166971Z", LastUpdateTimestamp: "2024-08-15T00:49:59.9166976Z" }] }.
   at MongoDB.Driver.Core.Clusters.Cluster.ThrowTimeoutException(IServerSelector selector, ClusterDescription description)
   at MongoDB.Driver.Core.Clusters.Cluster.WaitForDescriptionChangedHelper.HandleCompletedTask(Task completedTask)
   at MongoDB.Driver.Core.Clusters.Cluster.WaitForDescriptionChangedAsync(IServerSelector selector, ClusterDescription description, Task descriptionChangedTask, TimeSpan timeout, CancellationToken cancellationToken)
   at MongoDB.Driver.Core.Clusters.Cluster.SelectServerAsync(IServerSelector selector, CancellationToken cancellationToken)
   at MongoDB.Driver.Core.Clusters.IClusterExtensions.SelectServerAndPinIfNeededAsync(ICluster cluster, ICoreSessionHandle session, IServerSelector selector, IReadOnlyCollection`1 deprioritizedServers, CancellationToken cancellationToken)
   at MongoDB.Driver.Core.Bindings.ReadPreferenceBinding.GetReadChannelSourceAsync(IReadOnlyCollection`1 deprioritizedServers, CancellationToken cancellationToken)
   at MongoDB.Driver.Core.Operations.RetryableReadContext.InitializeAsync(CancellationToken cancellationToken)
   at MongoDB.Driver.Core.Operations.RetryableReadContext.CreateAsync(IReadBinding binding, Boolean retryRequested, CancellationToken cancellationToken)
   at MongoDB.Driver.Core.Operations.FindOperation`1.ExecuteAsync(IReadBinding binding, CancellationToken cancellationToken)
   at MongoDB.Driver.OperationExecutor.ExecuteReadOperationAsync[TResult](IReadBinding binding, IReadOperation`1 operation, CancellationToken cancellationToken)
   at MongoDB.Driver.MongoCollectionImpl`1.ExecuteReadOperationAsync[TResult](IClientSessionHandle session, IReadOperation`1 operation, ReadPreference readPreference, CancellationToken cancellationToken)
   at MongoDB.Driver.MongoCollectionImpl`1.UsingImplicitSessionAsync[TResult](Func`2 funcAsync, CancellationToken cancellationToken)
   at MongoDB.Driver.IAsyncCursorSourceExtensions.FirstOrDefaultAsync[TDocument](IAsyncCursorSource`1 source, CancellationToken cancellationToken)
   at WeatherServiceAPI.Services.MongoDBService.GetCityByNameAsync(String name) in C:\Users\alvarado\Documents\GitHub\WeatherServiceAPI\WeatherServiceAPI\Services\MongoDBService.cs:line 82
   at WeatherServiceAPI.Services.WeatherForecastService.GetForecastByCityAsync(String city) in C:\Users\alvarado\Documents\GitHub\WeatherServiceAPI\WeatherServiceAPI\Services\WeatherForecastService.cs:line 42
   at WeatherServiceAPI.Controllers.WeatherForecastController.GetByCity(String city) in C:\Users\alvarado\Documents\GitHub\WeatherServiceAPI\WeatherServiceAPI\Controllers\WeatherForecastController.cs:line 96
   at Microsoft.AspNetCore.Mvc.Infrastructure.ActionMethodExecutor.TaskOfIActionResultExecutor.Execute(IActionResultTypeMapper mapper, ObjectMethodExecutor executor, Object controller, Object[] arguments)
   at Microsoft.AspNetCore.Mvc.Infrastructure.ControllerActionInvoker.<InvokeActionMethodAsync>g__Awaited|12_0(ControllerActionInvoker invoker, ValueTask`1 actionResultValueTask)
   at Microsoft.AspNetCore.Mvc.Infrastructure.ControllerActionInvoker.<InvokeNextActionFilterAsync>g__Awaited|10_0(ControllerActionInvoker invoker, Task lastTask, State next, Scope scope, Object state, Boolean isCompleted)
   at Microsoft.AspNetCore.Mvc.Infrastructure.ControllerActionInvoker.Rethrow(ActionExecutedContextSealed context)
   at Microsoft.AspNetCore.Mvc.Infrastructure.ControllerActionInvoker.Next(State& next, Scope& scope, Object& state, Boolean& isCompleted)
   at Microsoft.AspNetCore.Mvc.Infrastructure.ControllerActionInvoker.<InvokeInnerFilterAsync>g__Awaited|13_0(ControllerActionInvoker invoker, Task lastTask, State next, Scope scope, Object state, Boolean isCompleted)
   at Microsoft.AspNetCore.Mvc.Infrastructure.ResourceInvoker.<InvokeFilterPipelineAsync>g__Awaited|20_0(ResourceInvoker invoker, Task lastTask, State next, Scope scope, Object state, Boolean isCompleted)
   at Microsoft.AspNetCore.Mvc.Infrastructure.ResourceInvoker.<InvokeAsync>g__Logged|17_1(ResourceInvoker invoker)
   at Microsoft.AspNetCore.Mvc.Infrastructure.ResourceInvoker.<InvokeAsync>g__Logged|17_1(ResourceInvoker invoker)
   at Microsoft.AspNetCore.Routing.EndpointMiddleware.<Invoke>g__AwaitRequestTask|6_0(Endpoint endpoint, Task requestTask, ILogger logger)
   at Microsoft.AspNetCore.Authorization.AuthorizationMiddleware.Invoke(HttpContext context)
   at Swashbuckle.AspNetCore.SwaggerUI.SwaggerUIMiddleware.Invoke(HttpContext httpContext)
   at Swashbuckle.AspNetCore.Swagger.SwaggerMiddleware.Invoke(HttpContext httpContext, ISwaggerProvider swaggerProvider)
   at Microsoft.AspNetCore.Diagnostics.ExceptionHandlerMiddleware.<Invoke>g__Awaited|6_0(ExceptionHandlerMiddleware middleware, HttpContext context, Task task)

2024-08-14 18:50:04.320 -06:00  INF  Request finished HTTP/2 GET https://localhost:7082/api/weatherforecast/bycity?city=el%20paso - - - 500 - application/json 32247.9179ms
